TX 15698 in block 15567 has erroneous inputs because 0 < 9200000000. cb is 0.
TX 100929 in block 72902 has erroneous inputs because 5000000000 < 5000000010. cb is 0.
TX 12152 in block 12042 hosts an input seen multiple times (double spend) (input 7998).
TX 30446 in block 30223 hosts an input seen multiple times (double spend) (input 21928).
TX 61845 in block 56565 hosts an input seen multiple times (double spend) (input 65403).
TX 207365 in block 97423 hosts an input seen multiple times (double spend) (input 249860).
TX 56851 in block 52534 is a coinbase tx with a reward smaller than it should be.
TX 56853 in block 52534 is a coinbase tx with a reward smaller than it should be.
TX 56853 in block 52534 is a duplicate coinbase reward of a block.
TX 204751 in block 96607 uses an input that has not been created in a previous transaction.
TX 105281 in block 75047 has an output that is invalid.
I have forgiven block 97423 because its double spent input was from a block that I found to be invalid (204751). So I will consider 97423's spend valid.
Block 79885 is downstream of an invalid block (52534) because it uses output 60228 as input.
1. 15567
2. 72902
3. 12042
4. 30223
5. 56565
6. 52534
7. 96607
8. 75047
9. 79885
There are 71890  unspent TXOs left as of last block.
Max value 9000000000000  of UTXOs: [170430]
Blocks invalidated: [15567, 72902, 12042, 30223, 56565, 52534, 96607, 75047, 79885]
Max account header: 173581 : 21345400000000
Min address of that account: 36434
36434 -> 173581 Value: 1000000000000
36434 -> 173581 Value: 1000000000000
36434 -> 173581 Value: 1000000000000
36434 -> 173581 Value: 1000000000000
36434 -> 173581 Value: 1000000000000
36434 -> 173581 Value: 1000000000000
36434 -> 173581 Value: 1000000000000
36434 -> 173581 Value: 1000000000000
36434 -> 173581 Value: 1000000000000
139024 -> 36434 Value: 400000000000
138183 -> 36434 Value: 400000000000
139024 -> 36434 Value: 400000000000
138183 -> 36434 Value: 400000000000
139024 -> 36434 Value: 400000000000
138183 -> 36434 Value: 400000000000
139024 -> 36434 Value: 400000000000
138183 -> 36434 Value: 400000000000
139024 -> 36434 Value: 400000000000
138183 -> 36434 Value: 400000000000
139024 -> 36434 Value: 400000000000
138183 -> 36434 Value: 400000000000
139024 -> 36434 Value: 400000000000
138183 -> 36434 Value: 400000000000
139024 -> 36434 Value: 400000000000
138183 -> 36434 Value: 400000000000
139024 -> 36434 Value: 400000000000
138183 -> 36434 Value: 400000000000
[173581, 36434, 36434, 36434, 36434, 36434, 36434, 36434, 36434, 36434]
